[15:17:44] [ServerMain/INFO]: Environment: authHost='https://authserver.mojang.com', accountsHost='https://api.mojang.com', sessionHost='https://sessionserver.mojang.com', servicesHost='https://api.minecraftservices.com', name='PROD'
[15:17:44] [ServerMain/INFO]: Found new data pack file/bukkit, loading it automatically
[15:17:44] [ServerMain/INFO]: Reloading ResourceManager: Default, bukkit
[15:17:44] [Worker-Main-1/INFO]: Loaded 7 recipes
[15:17:46] [Server thread/INFO]: Starting minecraft server version 1.18.1
[15:17:46] [Server thread/INFO]: Loading properties
[15:17:46] [Server thread/INFO]: This server is running Paper version git-Paper-216 (MC: 1.18.1) (Implementing API version 1.18.1-R0.1-SNAPSHOT) (Git: 30cb7d0)
[15:17:46] [Server thread/INFO]: Server Ping Player Sample Count: 12
[15:17:46] [Server thread/INFO]: Using 4 threads for Netty based IO
[15:17:46] [Server thread/INFO]: Default game type: SURVIVAL
[15:17:46] [Server thread/INFO]: Generating keypair
[15:17:46] [Server thread/INFO]: Starting Minecraft server on *:25565
[15:17:46] [Server thread/INFO]: Using epoll channel type
[15:17:46] [Server thread/INFO]: Paper: Using libdeflate (Linux x86_64) compression from Velocity.
[15:17:46] [Server thread/INFO]: Paper: Using OpenSSL 1.1.x (Linux x86_64) cipher from Velocity.
[15:17:46] [Server thread/WARN]: **** SERVER IS RUNNING IN OFFLINE/INSECURE MODE!
[15:17:46] [Server thread/WARN]: The server will make no attempt to authenticate usernames. Beware.
[15:17:46] [Server thread/WARN]: While this makes the game possible to play without internet access, it also opens up the ability for hackers to connect with any username they choose.
[15:17:46] [Server thread/WARN]: To change this, set "online-mode" to "true" in the server.properties file.
[15:17:46] [Server thread/INFO]: Preparing level "world"
[15:17:54] [Server thread/INFO]: Preparing start region for dimension minecraft:overworld
[15:17:54] [Worker-Main-1/INFO]: Preparing spawn area: 0%
[15:17:54] [Server thread/INFO]: Time elapsed: 329 ms
[15:17:54] [Server thread/INFO]: Preparing start region for dimension minecraft:the_nether
[15:17:54] [Server thread/INFO]: Time elapsed: 445 ms
[15:17:54] [Server thread/INFO]: Preparing start region for dimension minecraft:the_end
[15:17:55] [Server thread/INFO]: Time elapsed: 483 ms
[15:17:55] [Server thread/INFO]: Running delayed init tasks
[15:17:55] [Server thread/INFO]: Done (9.161s)! For help, type "help"
[15:17:55] [Server thread/INFO]: Timings Reset
[15:17:55] [Server thread/INFO]: Unknown command. Type "/help" for help.
[15:21:41] [User Authenticator #1/INFO]: UUID of player tfueva is 7d638cd7-d8f5-3c61-8fa7-20ff6f852230
[15:21:41] [Server thread/INFO]: tfueva joined the game
[15:21:41] [Server thread/INFO]: tfueva[/127.135.219.193:52235] logged in with entity id 546 at ([world]7.5, 96.0, 4.5)
[15:22:26] [Server thread/WARN]: tfueva was kicked due to keepalive timeout!
[15:22:26] [Server thread/INFO]: tfueva lost connection: Timed out
[15:22:26] [Server thread/INFO]: tfueva left the game
[15:22:47] [User Authenticator #2/INFO]: UUID of player tfueva is 7d638cd7-d8f5-3c61-8fa7-20ff6f852230
[15:22:47] [Server thread/INFO]: tfueva joined the game
[15:22:47] [Server thread/INFO]: tfueva[/127.135.219.193:56663] logged in with entity id 711 at ([world]5.300000011920929, 92.0, 6.523412105938237)
[15:23:32] [Server thread/WARN]: tfueva was kicked due to keepalive timeout!
[15:23:32] [Server thread/INFO]: tfueva lost connection: Timed out
[15:23:32] [Server thread/INFO]: tfueva left the game
[15:23:47] [Server thread/INFO]: Made tfueva a server operator
[15:24:14] [User Authenticator #3/INFO]: UUID of player tfueva is 7d638cd7-d8f5-3c61-8fa7-20ff6f852230
[15:24:14] [Server thread/INFO]: tfueva joined the game
[15:24:14] [Server thread/INFO]: tfueva[/127.135.219.193:57867] logged in with entity id 810 at ([world]5.527671457880041, 92.0, 6.573014817932841)
[15:25:24] [Server thread/INFO]: tfueva has made the advancement [Stone Age]
[15:25:41] [Server thread/INFO]: tfueva has made the advancement [Getting an Upgrade]
[15:26:53] [Server thread/INFO]: tfueva has made the advancement [Monster Hunter]
